<?xml version="1.0" encoding="UTF-8"?>
<!-- Generated by org.testng.reporters.JUnitReportReporter -->
<testsuite hostname="oliveresabelle" failures="0" tests="1" name="com.winter.testrunner.testrunnerWClass" time="3.644" errors="0" timestamp="2022-07-12T09:16:53 PDT" skipped="0">
  <testcase classname="com.winter.testrunner.testrunnerWClass" name="feature" time="3.644"/>
  <system-out/>
</testsuite> <!-- com.winter.testrunner.testrunnerWClass -->
